<?xml version="1.0" encoding="UTF-8"?>
<coverage generated="1635606704011" clover="3.2.0">
  <project timestamp="1635606704012" name="All files">
    <metrics statements="87" coveredstatements="87" conditionals="46" coveredconditionals="46" methods="18" coveredmethods="18" elements="151" coveredelements="151" complexity="0" loc="87" ncloc="87" packages="1" files="3" classes="3"/>
    <file name="FigureCalculator.js" path="C:\Users\ASUS\Desktop\Now\Darkfield\JS\math-api\src\FigureCalculator.js">
      <metrics statements="26" coveredstatements="26" conditionals="22" coveredconditionals="22" methods="5" coveredmethods="5"/>
      <line num="3" count="17" type="stmt"/>
      <line num="7" count="8" type="cond" truecount="2" falsecount="0"/>
      <line num="8" count="3" type="stmt"/>
      <line num="11" count="5" type="stmt"/>
      <line num="13" count="5" type="cond" truecount="4" falsecount="0"/>
      <line num="14" count="3" type="stmt"/>
      <line num="18" count="2" type="stmt"/>
      <line num="22" count="8" type="cond" truecount="2" falsecount="0"/>
      <line num="23" count="3" type="stmt"/>
      <line num="26" count="5" type="stmt"/>
      <line num="28" count="5" type="cond" truecount="4" falsecount="0"/>
      <line num="29" count="3" type="stmt"/>
      <line num="33" count="2" type="stmt"/>
      <line num="37" count="8" type="cond" truecount="2" falsecount="0"/>
      <line num="38" count="3" type="stmt"/>
      <line num="42" count="5" type="stmt"/>
      <line num="43" count="9" type="cond" truecount="2" falsecount="0"/>
      <line num="44" count="3" type="stmt"/>
      <line num="49" count="2" type="stmt"/>
      <line num="53" count="8" type="cond" truecount="2" falsecount="0"/>
      <line num="54" count="3" type="stmt"/>
      <line num="57" count="5" type="stmt"/>
      <line num="59" count="5" type="cond" truecount="4" falsecount="0"/>
      <line num="60" count="3" type="stmt"/>
      <line num="64" count="2" type="stmt"/>
      <line num="68" count="2" type="stmt"/>
    </file>
    <file name="MathBasic.js" path="C:\Users\ASUS\Desktop\Now\Darkfield\JS\math-api\src\MathBasic.js">
      <metrics statements="31" coveredstatements="31" conditionals="24" coveredconditionals="24" methods="4" coveredmethods="4"/>
      <line num="1" count="3" type="stmt"/>
      <line num="3" count="14" type="cond" truecount="2" falsecount="0"/>
      <line num="4" count="2" type="stmt"/>
      <line num="8" count="12" type="stmt"/>
      <line num="9" count="27" type="cond" truecount="2" falsecount="0"/>
      <line num="10" count="3" type="stmt"/>
      <line num="14" count="9" type="stmt"/>
      <line num="15" count="9" type="stmt"/>
      <line num="16" count="24" type="stmt"/>
      <line num="19" count="9" type="stmt"/>
      <line num="22" count="11" type="cond" truecount="2" falsecount="0"/>
      <line num="23" count="4" type="stmt"/>
      <line num="26" count="7" type="stmt"/>
      <line num="28" count="7" type="cond" truecount="4" falsecount="0"/>
      <line num="29" count="3" type="stmt"/>
      <line num="32" count="4" type="stmt"/>
      <line num="36" count="17" type="cond" truecount="2" falsecount="0"/>
      <line num="37" count="4" type="stmt"/>
      <line num="40" count="13" type="stmt"/>
      <line num="42" count="13" type="cond" truecount="4" falsecount="0"/>
      <line num="43" count="3" type="stmt"/>
      <line num="46" count="10" type="stmt"/>
      <line num="50" count="15" type="cond" truecount="2" falsecount="0"/>
      <line num="51" count="4" type="stmt"/>
      <line num="54" count="11" type="stmt"/>
      <line num="56" count="11" type="cond" truecount="4" falsecount="0"/>
      <line num="57" count="3" type="stmt"/>
      <line num="60" count="8" type="cond" truecount="2" falsecount="0"/>
      <line num="61" count="2" type="stmt"/>
      <line num="64" count="6" type="stmt"/>
      <line num="68" count="3" type="stmt"/>
    </file>
    <file name="createServer.js" path="C:\Users\ASUS\Desktop\Now\Darkfield\JS\math-api\src\createServer.js">
      <metrics statements="30" coveredstatements="30" conditionals="0" coveredconditionals="0" methods="9" coveredmethods="9"/>
      <line num="1" count="1" type="stmt"/>
      <line num="3" count="1" type="stmt"/>
      <line num="4" count="8" type="stmt"/>
      <line num="9" count="8" type="stmt"/>
      <line num="14" count="1" type="stmt"/>
      <line num="15" count="1" type="stmt"/>
      <line num="16" count="1" type="stmt"/>
      <line num="24" count="1" type="stmt"/>
      <line num="25" count="1" type="stmt"/>
      <line num="26" count="1" type="stmt"/>
      <line num="34" count="1" type="stmt"/>
      <line num="35" count="1" type="stmt"/>
      <line num="36" count="1" type="stmt"/>
      <line num="44" count="1" type="stmt"/>
      <line num="45" count="1" type="stmt"/>
      <line num="46" count="1" type="stmt"/>
      <line num="54" count="1" type="stmt"/>
      <line num="55" count="1" type="stmt"/>
      <line num="58" count="1" type="stmt"/>
      <line num="66" count="1" type="stmt"/>
      <line num="67" count="1" type="stmt"/>
      <line num="70" count="1" type="stmt"/>
      <line num="78" count="1" type="stmt"/>
      <line num="79" count="1" type="stmt"/>
      <line num="82" count="1" type="stmt"/>
      <line num="90" count="1" type="stmt"/>
      <line num="91" count="1" type="stmt"/>
      <line num="94" count="1" type="stmt"/>
      <line num="99" count="8" type="stmt"/>
      <line num="102" count="1" type="stmt"/>
    </file>
  </project>
</coverage>
