{"C:\\Users\\ASUS\\Desktop\\Now\\Darkfield\\JS\\math-api\\src\\FigureCalculator.js": {"path":"C:\\Users\\ASUS\\Desktop\\Now\\Darkfield\\JS\\math-api\\src\\FigureCalculator.js","statementMap":{"0":{"start":{"line":3,"column":4},"end":{"line":3,"column":32}},"1":{"start":{"line":7,"column":4},"end":{"line":9,"column":5}},"2":{"start":{"line":8,"column":6},"end":{"line":8,"column":61}},"3":{"start":{"line":11,"column":28},"end":{"line":11,"column":32}},"4":{"start":{"line":13,"column":4},"end":{"line":15,"column":5}},"5":{"start":{"line":14,"column":6},"end":{"line":14,"column":64}},"6":{"start":{"line":18,"column":4},"end":{"line":18,"column":75}},"7":{"start":{"line":22,"column":4},"end":{"line":24,"column":5}},"8":{"start":{"line":23,"column":6},"end":{"line":23,"column":61}},"9":{"start":{"line":26,"column":28},"end":{"line":26,"column":32}},"10":{"start":{"line":28,"column":4},"end":{"line":30,"column":5}},"11":{"start":{"line":29,"column":6},"end":{"line":29,"column":64}},"12":{"start":{"line":33,"column":4},"end":{"line":33,"column":51}},"13":{"start":{"line":37,"column":4},"end":{"line":39,"column":5}},"14":{"start":{"line":38,"column":6},"end":{"line":38,"column":62}},"15":{"start":{"line":42,"column":4},"end":{"line":46,"column":5}},"16":{"start":{"line":43,"column":6},"end":{"line":45,"column":7}},"17":{"start":{"line":44,"column":8},"end":{"line":44,"column":66}},"18":{"start":{"line":49,"column":4},"end":{"line":49,"column":40}},"19":{"start":{"line":53,"column":4},"end":{"line":55,"column":5}},"20":{"start":{"line":54,"column":6},"end":{"line":54,"column":61}},"21":{"start":{"line":57,"column":27},"end":{"line":57,"column":31}},"22":{"start":{"line":59,"column":4},"end":{"line":61,"column":5}},"23":{"start":{"line":60,"column":6},"end":{"line":60,"column":64}},"24":{"start":{"line":64,"column":4},"end":{"line":64,"column":77}},"25":{"start":{"line":68,"column":0},"end":{"line":68,"column":34}}},"fnMap":{"0":{"name":"(anonymous_0)","decl":{"start":{"line":2,"column":2},"end":{"line":2,"column":3}},"loc":{"start":{"line":2,"column":25},"end":{"line":4,"column":3}},"line":2},"1":{"name":"(anonymous_1)","decl":{"start":{"line":6,"column":2},"end":{"line":6,"column":3}},"loc":{"start":{"line":6,"column":39},"end":{"line":19,"column":3}},"line":6},"2":{"name":"(anonymous_2)","decl":{"start":{"line":21,"column":2},"end":{"line":21,"column":3}},"loc":{"start":{"line":21,"column":34},"end":{"line":34,"column":3}},"line":21},"3":{"name":"(anonymous_3)","decl":{"start":{"line":36,"column":2},"end":{"line":36,"column":3}},"loc":{"start":{"line":36,"column":38},"end":{"line":50,"column":3}},"line":36},"4":{"name":"(anonymous_4)","decl":{"start":{"line":52,"column":2},"end":{"line":52,"column":3}},"loc":{"start":{"line":52,"column":33},"end":{"line":65,"column":3}},"line":52}},"branchMap":{"0":{"loc":{"start":{"line":7,"column":4},"end":{"line":9,"column":5}},"type":"if","locations":[{"start":{"line":7,"column":4},"end":{"line":9,"column":5}},{"start":{},"end":{}}],"line":7},"1":{"loc":{"start":{"line":13,"column":4},"end":{"line":15,"column":5}},"type":"if","locations":[{"start":{"line":13,"column":4},"end":{"line":15,"column":5}},{"start":{},"end":{}}],"line":13},"2":{"loc":{"start":{"line":13,"column":8},"end":{"line":13,"column":63}},"type":"binary-expr","locations":[{"start":{"line":13,"column":8},"end":{"line":13,"column":34}},{"start":{"line":13,"column":38},"end":{"line":13,"column":63}}],"line":13},"3":{"loc":{"start":{"line":22,"column":4},"end":{"line":24,"column":5}},"type":"if","locations":[{"start":{"line":22,"column":4},"end":{"line":24,"column":5}},{"start":{},"end":{}}],"line":22},"4":{"loc":{"start":{"line":28,"column":4},"end":{"line":30,"column":5}},"type":"if","locations":[{"start":{"line":28,"column":4},"end":{"line":30,"column":5}},{"start":{},"end":{}}],"line":28},"5":{"loc":{"start":{"line":28,"column":8},"end":{"line":28,"column":63}},"type":"binary-expr","locations":[{"start":{"line":28,"column":8},"end":{"line":28,"column":34}},{"start":{"line":28,"column":38},"end":{"line":28,"column":63}}],"line":28},"6":{"loc":{"start":{"line":37,"column":4},"end":{"line":39,"column":5}},"type":"if","locations":[{"start":{"line":37,"column":4},"end":{"line":39,"column":5}},{"start":{},"end":{}}],"line":37},"7":{"loc":{"start":{"line":43,"column":6},"end":{"line":45,"column":7}},"type":"if","locations":[{"start":{"line":43,"column":6},"end":{"line":45,"column":7}},{"start":{},"end":{}}],"line":43},"8":{"loc":{"start":{"line":53,"column":4},"end":{"line":55,"column":5}},"type":"if","locations":[{"start":{"line":53,"column":4},"end":{"line":55,"column":5}},{"start":{},"end":{}}],"line":53},"9":{"loc":{"start":{"line":59,"column":4},"end":{"line":61,"column":5}},"type":"if","locations":[{"start":{"line":59,"column":4},"end":{"line":61,"column":5}},{"start":{},"end":{}}],"line":59},"10":{"loc":{"start":{"line":59,"column":8},"end":{"line":59,"column":62}},"type":"binary-expr","locations":[{"start":{"line":59,"column":8},"end":{"line":59,"column":32}},{"start":{"line":59,"column":36},"end":{"line":59,"column":62}}],"line":59}},"s":{"0":17,"1":8,"2":3,"3":5,"4":5,"5":3,"6":2,"7":8,"8":3,"9":5,"10":5,"11":3,"12":2,"13":8,"14":3,"15":5,"16":9,"17":3,"18":2,"19":8,"20":3,"21":5,"22":5,"23":3,"24":2,"25":2},"f":{"0":17,"1":8,"2":8,"3":8,"4":8},"b":{"0":[3,5],"1":[3,2],"2":[5,2],"3":[3,5],"4":[3,2],"5":[5,2],"6":[3,5],"7":[3,6],"8":[3,5],"9":[3,2],"10":[5,2]},"_coverageSchema":"1a1c01bbd47fc00a2c39e90264f33305004495a9","hash":"f5f55722342a9113eee490b3930db5b7b125ebc6"}
,"C:\\Users\\ASUS\\Desktop\\Now\\Darkfield\\JS\\math-api\\src\\MathBasic.js": {"path":"C:\\Users\\ASUS\\Desktop\\Now\\Darkfield\\JS\\math-api\\src\\MathBasic.js","statementMap":{"0":{"start":{"line":1,"column":18},"end":{"line":66,"column":1}},"1":{"start":{"line":3,"column":4},"end":{"line":5,"column":5}},"2":{"start":{"line":4,"column":6},"end":{"line":4,"column":65}},"3":{"start":{"line":8,"column":4},"end":{"line":12,"column":5}},"4":{"start":{"line":9,"column":6},"end":{"line":11,"column":7}},"5":{"start":{"line":10,"column":8},"end":{"line":10,"column":66}},"6":{"start":{"line":14,"column":17},"end":{"line":14,"column":18}},"7":{"start":{"line":15,"column":4},"end":{"line":17,"column":5}},"8":{"start":{"line":16,"column":6},"end":{"line":16,"column":24}},"9":{"start":{"line":19,"column":4},"end":{"line":19,"column":18}},"10":{"start":{"line":22,"column":4},"end":{"line":24,"column":5}},"11":{"start":{"line":23,"column":6},"end":{"line":23,"column":70}},"12":{"start":{"line":26,"column":19},"end":{"line":26,"column":23}},"13":{"start":{"line":28,"column":4},"end":{"line":30,"column":5}},"14":{"start":{"line":29,"column":6},"end":{"line":29,"column":64}},"15":{"start":{"line":32,"column":4},"end":{"line":32,"column":17}},"16":{"start":{"line":36,"column":4},"end":{"line":38,"column":5}},"17":{"start":{"line":37,"column":6},"end":{"line":37,"column":70}},"18":{"start":{"line":40,"column":19},"end":{"line":40,"column":23}},"19":{"start":{"line":42,"column":4},"end":{"line":44,"column":5}},"20":{"start":{"line":43,"column":6},"end":{"line":43,"column":64}},"21":{"start":{"line":46,"column":4},"end":{"line":46,"column":17}},"22":{"start":{"line":50,"column":4},"end":{"line":52,"column":5}},"23":{"start":{"line":51,"column":6},"end":{"line":51,"column":70}},"24":{"start":{"line":54,"column":19},"end":{"line":54,"column":23}},"25":{"start":{"line":56,"column":4},"end":{"line":58,"column":5}},"26":{"start":{"line":57,"column":6},"end":{"line":57,"column":64}},"27":{"start":{"line":60,"column":4},"end":{"line":62,"column":5}},"28":{"start":{"line":61,"column":6},"end":{"line":61,"column":47}},"29":{"start":{"line":64,"column":4},"end":{"line":64,"column":17}},"30":{"start":{"line":68,"column":0},"end":{"line":68,"column":27}}},"fnMap":{"0":{"name":"(anonymous_0)","decl":{"start":{"line":2,"column":7},"end":{"line":2,"column":8}},"loc":{"start":{"line":2,"column":20},"end":{"line":20,"column":3}},"line":2},"1":{"name":"(anonymous_1)","decl":{"start":{"line":21,"column":12},"end":{"line":21,"column":13}},"loc":{"start":{"line":21,"column":25},"end":{"line":33,"column":3}},"line":21},"2":{"name":"(anonymous_2)","decl":{"start":{"line":35,"column":12},"end":{"line":35,"column":13}},"loc":{"start":{"line":35,"column":25},"end":{"line":47,"column":3}},"line":35},"3":{"name":"(anonymous_3)","decl":{"start":{"line":49,"column":10},"end":{"line":49,"column":11}},"loc":{"start":{"line":49,"column":23},"end":{"line":65,"column":3}},"line":49}},"branchMap":{"0":{"loc":{"start":{"line":3,"column":4},"end":{"line":5,"column":5}},"type":"if","locations":[{"start":{"line":3,"column":4},"end":{"line":5,"column":5}},{"start":{},"end":{}}],"line":3},"1":{"loc":{"start":{"line":9,"column":6},"end":{"line":11,"column":7}},"type":"if","locations":[{"start":{"line":9,"column":6},"end":{"line":11,"column":7}},{"start":{},"end":{}}],"line":9},"2":{"loc":{"start":{"line":22,"column":4},"end":{"line":24,"column":5}},"type":"if","locations":[{"start":{"line":22,"column":4},"end":{"line":24,"column":5}},{"start":{},"end":{}}],"line":22},"3":{"loc":{"start":{"line":28,"column":4},"end":{"line":30,"column":5}},"type":"if","locations":[{"start":{"line":28,"column":4},"end":{"line":30,"column":5}},{"start":{},"end":{}}],"line":28},"4":{"loc":{"start":{"line":28,"column":8},"end":{"line":28,"column":54}},"type":"binary-expr","locations":[{"start":{"line":28,"column":8},"end":{"line":28,"column":29}},{"start":{"line":28,"column":33},"end":{"line":28,"column":54}}],"line":28},"5":{"loc":{"start":{"line":36,"column":4},"end":{"line":38,"column":5}},"type":"if","locations":[{"start":{"line":36,"column":4},"end":{"line":38,"column":5}},{"start":{},"end":{}}],"line":36},"6":{"loc":{"start":{"line":42,"column":4},"end":{"line":44,"column":5}},"type":"if","locations":[{"start":{"line":42,"column":4},"end":{"line":44,"column":5}},{"start":{},"end":{}}],"line":42},"7":{"loc":{"start":{"line":42,"column":8},"end":{"line":42,"column":54}},"type":"binary-expr","locations":[{"start":{"line":42,"column":8},"end":{"line":42,"column":29}},{"start":{"line":42,"column":33},"end":{"line":42,"column":54}}],"line":42},"8":{"loc":{"start":{"line":50,"column":4},"end":{"line":52,"column":5}},"type":"if","locations":[{"start":{"line":50,"column":4},"end":{"line":52,"column":5}},{"start":{},"end":{}}],"line":50},"9":{"loc":{"start":{"line":56,"column":4},"end":{"line":58,"column":5}},"type":"if","locations":[{"start":{"line":56,"column":4},"end":{"line":58,"column":5}},{"start":{},"end":{}}],"line":56},"10":{"loc":{"start":{"line":56,"column":8},"end":{"line":56,"column":54}},"type":"binary-expr","locations":[{"start":{"line":56,"column":8},"end":{"line":56,"column":29}},{"start":{"line":56,"column":33},"end":{"line":56,"column":54}}],"line":56},"11":{"loc":{"start":{"line":60,"column":4},"end":{"line":62,"column":5}},"type":"if","locations":[{"start":{"line":60,"column":4},"end":{"line":62,"column":5}},{"start":{},"end":{}}],"line":60}},"s":{"0":3,"1":14,"2":2,"3":12,"4":27,"5":3,"6":9,"7":9,"8":24,"9":9,"10":11,"11":4,"12":7,"13":7,"14":3,"15":4,"16":17,"17":4,"18":13,"19":13,"20":3,"21":10,"22":15,"23":4,"24":11,"25":11,"26":3,"27":8,"28":2,"29":6,"30":3},"f":{"0":14,"1":11,"2":17,"3":15},"b":{"0":[2,12],"1":[3,24],"2":[4,7],"3":[3,4],"4":[7,4],"5":[4,13],"6":[3,10],"7":[13,10],"8":[4,11],"9":[3,8],"10":[11,8],"11":[2,6]},"_coverageSchema":"1a1c01bbd47fc00a2c39e90264f33305004495a9","hash":"438aba02d63bac85b6a5a98b8c507a089afbdc81"}
,"C:\\Users\\ASUS\\Desktop\\Now\\Darkfield\\JS\\math-api\\src\\createServer.js": {"path":"C:\\Users\\ASUS\\Desktop\\Now\\Darkfield\\JS\\math-api\\src\\createServer.js","statementMap":{"0":{"start":{"line":1,"column":13},"end":{"line":1,"column":34}},"1":{"start":{"line":3,"column":21},"end":{"line":100,"column":1}},"2":{"start":{"line":4,"column":17},"end":{"line":7,"column":4}},"3":{"start":{"line":9,"column":2},"end":{"line":97,"column":5}},"4":{"start":{"line":14,"column":25},"end":{"line":14,"column":39}},"5":{"start":{"line":15,"column":22},"end":{"line":15,"column":57}},"6":{"start":{"line":16,"column":8},"end":{"line":16,"column":25}},"7":{"start":{"line":24,"column":25},"end":{"line":24,"column":39}},"8":{"start":{"line":25,"column":22},"end":{"line":25,"column":62}},"9":{"start":{"line":26,"column":8},"end":{"line":26,"column":25}},"10":{"start":{"line":34,"column":25},"end":{"line":34,"column":39}},"11":{"start":{"line":35,"column":22},"end":{"line":35,"column":62}},"12":{"start":{"line":36,"column":8},"end":{"line":36,"column":25}},"13":{"start":{"line":44,"column":25},"end":{"line":44,"column":39}},"14":{"start":{"line":45,"column":22},"end":{"line":45,"column":60}},"15":{"start":{"line":46,"column":8},"end":{"line":46,"column":25}},"16":{"start":{"line":54,"column":34},"end":{"line":54,"column":48}},"17":{"start":{"line":55,"column":22},"end":{"line":57,"column":9}},"18":{"start":{"line":58,"column":8},"end":{"line":58,"column":25}},"19":{"start":{"line":66,"column":34},"end":{"line":66,"column":48}},"20":{"start":{"line":67,"column":22},"end":{"line":69,"column":9}},"21":{"start":{"line":70,"column":8},"end":{"line":70,"column":25}},"22":{"start":{"line":78,"column":28},"end":{"line":78,"column":42}},"23":{"start":{"line":79,"column":22},"end":{"line":81,"column":9}},"24":{"start":{"line":82,"column":8},"end":{"line":82,"column":25}},"25":{"start":{"line":90,"column":33},"end":{"line":90,"column":47}},"26":{"start":{"line":91,"column":22},"end":{"line":93,"column":9}},"27":{"start":{"line":94,"column":8},"end":{"line":94,"column":25}},"28":{"start":{"line":99,"column":2},"end":{"line":99,"column":16}},"29":{"start":{"line":102,"column":0},"end":{"line":102,"column":30}}},"fnMap":{"0":{"name":"(anonymous_0)","decl":{"start":{"line":3,"column":21},"end":{"line":3,"column":22}},"loc":{"start":{"line":3,"column":58},"end":{"line":100,"column":1}},"line":3},"1":{"name":"(anonymous_1)","decl":{"start":{"line":13,"column":15},"end":{"line":13,"column":16}},"loc":{"start":{"line":13,"column":28},"end":{"line":17,"column":7}},"line":13},"2":{"name":"(anonymous_2)","decl":{"start":{"line":23,"column":15},"end":{"line":23,"column":16}},"loc":{"start":{"line":23,"column":28},"end":{"line":27,"column":7}},"line":23},"3":{"name":"(anonymous_3)","decl":{"start":{"line":33,"column":15},"end":{"line":33,"column":16}},"loc":{"start":{"line":33,"column":28},"end":{"line":37,"column":7}},"line":33},"4":{"name":"(anonymous_4)","decl":{"start":{"line":43,"column":15},"end":{"line":43,"column":16}},"loc":{"start":{"line":43,"column":28},"end":{"line":47,"column":7}},"line":43},"5":{"name":"(anonymous_5)","decl":{"start":{"line":53,"column":15},"end":{"line":53,"column":16}},"loc":{"start":{"line":53,"column":28},"end":{"line":59,"column":7}},"line":53},"6":{"name":"(anonymous_6)","decl":{"start":{"line":65,"column":15},"end":{"line":65,"column":16}},"loc":{"start":{"line":65,"column":28},"end":{"line":71,"column":7}},"line":65},"7":{"name":"(anonymous_7)","decl":{"start":{"line":77,"column":15},"end":{"line":77,"column":16}},"loc":{"start":{"line":77,"column":28},"end":{"line":83,"column":7}},"line":77},"8":{"name":"(anonymous_8)","decl":{"start":{"line":89,"column":15},"end":{"line":89,"column":16}},"loc":{"start":{"line":89,"column":28},"end":{"line":95,"column":7}},"line":89}},"branchMap":{},"s":{"0":1,"1":1,"2":8,"3":8,"4":1,"5":1,"6":1,"7":1,"8":1,"9":1,"10":1,"11":1,"12":1,"13":1,"14":1,"15":1,"16":1,"17":1,"18":1,"19":1,"20":1,"21":1,"22":1,"23":1,"24":1,"25":1,"26":1,"27":1,"28":8,"29":1},"f":{"0":8,"1":1,"2":1,"3":1,"4":1,"5":1,"6":1,"7":1,"8":1},"b":{},"_coverageSchema":"1a1c01bbd47fc00a2c39e90264f33305004495a9","hash":"3ea376a41930f493b4eda253d30f933810d4fa19"}
}
