TN:
SF:src\FigureCalculator.js
FN:2,(anonymous_0)
FN:6,(anonymous_1)
FN:21,(anonymous_2)
FN:36,(anonymous_3)
FN:52,(anonymous_4)
FNF:5
FNH:5
FNDA:17,(anonymous_0)
FNDA:8,(anonymous_1)
FNDA:8,(anonymous_2)
FNDA:8,(anonymous_3)
FNDA:8,(anonymous_4)
DA:3,17
DA:7,8
DA:8,3
DA:11,5
DA:13,5
DA:14,3
DA:18,2
DA:22,8
DA:23,3
DA:26,5
DA:28,5
DA:29,3
DA:33,2
DA:37,8
DA:38,3
DA:42,5
DA:43,9
DA:44,3
DA:49,2
DA:53,8
DA:54,3
DA:57,5
DA:59,5
DA:60,3
DA:64,2
DA:68,2
LF:26
LH:26
BRDA:7,0,0,3
BRDA:7,0,1,5
BRDA:13,1,0,3
BRDA:13,1,1,2
BRDA:13,2,0,5
BRDA:13,2,1,2
BRDA:22,3,0,3
BRDA:22,3,1,5
BRDA:28,4,0,3
BRDA:28,4,1,2
BRDA:28,5,0,5
BRDA:28,5,1,2
BRDA:37,6,0,3
BRDA:37,6,1,5
BRDA:43,7,0,3
BRDA:43,7,1,6
BRDA:53,8,0,3
BRDA:53,8,1,5
BRDA:59,9,0,3
BRDA:59,9,1,2
BRDA:59,10,0,5
BRDA:59,10,1,2
BRF:22
BRH:22
end_of_record
TN:
SF:src\MathBasic.js
FN:2,(anonymous_0)
FN:21,(anonymous_1)
FN:35,(anonymous_2)
FN:49,(anonymous_3)
FNF:4
FNH:4
FNDA:14,(anonymous_0)
FNDA:11,(anonymous_1)
FNDA:17,(anonymous_2)
FNDA:15,(anonymous_3)
DA:1,3
DA:3,14
DA:4,2
DA:8,12
DA:9,27
DA:10,3
DA:14,9
DA:15,9
DA:16,24
DA:19,9
DA:22,11
DA:23,4
DA:26,7
DA:28,7
DA:29,3
DA:32,4
DA:36,17
DA:37,4
DA:40,13
DA:42,13
DA:43,3
DA:46,10
DA:50,15
DA:51,4
DA:54,11
DA:56,11
DA:57,3
DA:60,8
DA:61,2
DA:64,6
DA:68,3
LF:31
LH:31
BRDA:3,0,0,2
BRDA:3,0,1,12
BRDA:9,1,0,3
BRDA:9,1,1,24
BRDA:22,2,0,4
BRDA:22,2,1,7
BRDA:28,3,0,3
BRDA:28,3,1,4
BRDA:28,4,0,7
BRDA:28,4,1,4
BRDA:36,5,0,4
BRDA:36,5,1,13
BRDA:42,6,0,3
BRDA:42,6,1,10
BRDA:42,7,0,13
BRDA:42,7,1,10
BRDA:50,8,0,4
BRDA:50,8,1,11
BRDA:56,9,0,3
BRDA:56,9,1,8
BRDA:56,10,0,11
BRDA:56,10,1,8
BRDA:60,11,0,2
BRDA:60,11,1,6
BRF:24
BRH:24
end_of_record
TN:
SF:src\createServer.js
FN:3,(anonymous_0)
FN:13,(anonymous_1)
FN:23,(anonymous_2)
FN:33,(anonymous_3)
FN:43,(anonymous_4)
FN:53,(anonymous_5)
FN:65,(anonymous_6)
FN:77,(anonymous_7)
FN:89,(anonymous_8)
FNF:9
FNH:9
FNDA:8,(anonymous_0)
FNDA:1,(anonymous_1)
FNDA:1,(anonymous_2)
FNDA:1,(anonymous_3)
FNDA:1,(anonymous_4)
FNDA:1,(anonymous_5)
FNDA:1,(anonymous_6)
FNDA:1,(anonymous_7)
FNDA:1,(anonymous_8)
DA:1,1
DA:3,1
DA:4,8
DA:9,8
DA:14,1
DA:15,1
DA:16,1
DA:24,1
DA:25,1
DA:26,1
DA:34,1
DA:35,1
DA:36,1
DA:44,1
DA:45,1
DA:46,1
DA:54,1
DA:55,1
DA:58,1
DA:66,1
DA:67,1
DA:70,1
DA:78,1
DA:79,1
DA:82,1
DA:90,1
DA:91,1
DA:94,1
DA:99,8
DA:102,1
LF:30
LH:30
BRF:0
BRH:0
end_of_record
